<?xml version="1.0" encoding="utf-8" standalone="no"?>
<test-results xmlns:xsi="http://www.w3.org/2001/XMLSchema-instance" xsi:noNamespaceSchemaLocation="nunit_schema_2.5.xsd" name="Pester" total="235" errors="0" failures="0" not-run="0" inconclusive="14" ignored="8" skipped="0" invalid="0" date="2025-01-30" time="19:49:45">
  <environment platform="Microsoft Windows Server 2022 Datacenter|C:\Windows|\Device\Harddisk0\Partition2" user-domain="fv-az534-639" nunit-version="2.5.8.0" machine-name="fv-az534-639" clr-version="Unknown" cwd="D:\a\PowerShell\PowerShell" os-version="10.0.20348" user="runneradmin" />
  <culture-info current-culture="en-US" current-uiculture="en-US" />
  <test-suite type="TestFixture" name="Pester" executed="True" result="Ignored" success="True" time="271.8324" asserts="0" description="Pester">
    <results>
      <test-suite type="TestFixture" name="D:\a\PowerShell\PowerShell\test\powershell\engine\Api\BasicEngine.Tests.ps1" executed="True" result="Success" success="True" time="0.0599" asserts="0" description="D:\a\PowerShell\PowerShell\test\powershell\engine\Api\BasicEngine.Tests.ps1">
        <results />
      </test-suite>
      <test-suite type="TestFixture" name="D:\a\PowerShell\PowerShell\test\powershell\engine\Api\GetMethodInfoOverloadDefinition.Tests.ps1" executed="True" result="Success" success="True" time="0.0098" asserts="0" description="D:\a\PowerShell\PowerShell\test\powershell\engine\Api\GetMethodInfoOverloadDefinition.Tests.ps1">
        <results />
      </test-suite>
      <test-suite type="TestFixture" name="D:\a\PowerShell\PowerShell\test\powershell\engine\Api\GetNewClosure.Tests.ps1" executed="True" result="Success" success="True" time="0.0054" asserts="0" description="D:\a\PowerShell\PowerShell\test\powershell\engine\Api\GetNewClosure.Tests.ps1">
        <results />
      </test-suite>
      <test-suite type="TestFixture" name="D:\a\PowerShell\PowerShell\test\powershell\engine\Api\InitialSessionState.Tests.ps1" executed="True" result="Success" success="True" time="0.01" asserts="0" description="D:\a\PowerShell\PowerShell\test\powershell\engine\Api\InitialSessionState.Tests.ps1">
        <results />
      </test-suite>
      <test-suite type="TestFixture" name="D:\a\PowerShell\PowerShell\test\powershell\engine\Api\LanguagePrimitive.Tests.ps1" executed="True" result="Success" success="True" time="0.0102" asserts="0" description="D:\a\PowerShell\PowerShell\test\powershell\engine\Api\LanguagePrimitive.Tests.ps1">
        <results />
      </test-suite>
      <test-suite type="TestFixture" name="D:\a\PowerShell\PowerShell\test\powershell\engine\Api\ProxyCommand.Tests.ps1" executed="True" result="Success" success="True" time="0.0088" asserts="0" description="D:\a\PowerShell\PowerShell\test\powershell\engine\Api\ProxyCommand.Tests.ps1">
        <results />
      </test-suite>
      <test-suite type="TestFixture" name="D:\a\PowerShell\PowerShell\test\powershell\engine\Api\PSCommand.Tests.ps1" executed="True" result="Success" success="True" time="0.0056" asserts="0" description="D:\a\PowerShell\PowerShell\test\powershell\engine\Api\PSCommand.Tests.ps1">
        <results />
      </test-suite>
      <test-suite type="TestFixture" name="D:\a\PowerShell\PowerShell\test\powershell\engine\Api\Serialization.Tests.ps1" executed="True" result="Success" success="True" time="0.0458" asserts="0" description="D:\a\PowerShell\PowerShell\test\powershell\engine\Api\Serialization.Tests.ps1">
        <results />
      </test-suite>
      <test-suite type="TestFixture" name="D:\a\PowerShell\PowerShell\test\powershell\engine\Api\SuspiciousContentChecker.Tests.ps1" executed="True" result="Success" success="True" time="0.0154" asserts="0" description="D:\a\PowerShell\PowerShell\test\powershell\engine\Api\SuspiciousContentChecker.Tests.ps1">
        <results />
      </test-suite>
      <test-suite type="TestFixture" name="D:\a\PowerShell\PowerShell\test\powershell\engine\Api\TaskBasedAsyncPowerShellAPI.Tests.ps1" executed="True" result="Success" success="True" time="0.0076" asserts="0" description="D:\a\PowerShell\PowerShell\test\powershell\engine\Api\TaskBasedAsyncPowerShellAPI.Tests.ps1">
        <results />
      </test-suite>
      <test-suite type="TestFixture" name="D:\a\PowerShell\PowerShell\test\powershell\engine\Api\TypeInference.Tests.ps1" executed="True" result="Success" success="True" time="0.1221" asserts="0" description="D:\a\PowerShell\PowerShell\test\powershell\engine\Api\TypeInference.Tests.ps1">
        <results />
      </test-suite>
      <test-suite type="TestFixture" name="D:\a\PowerShell\PowerShell\test\powershell\engine\Basic\Assembly.LoadBytesAndLoadFile.Tests.ps1" executed="True" result="Success" success="True" time="0.0062" asserts="0" description="D:\a\PowerShell\PowerShell\test\powershell\engine\Basic\Assembly.LoadBytesAndLoadFile.Tests.ps1">
        <results />
      </test-suite>
      <test-suite type="TestFixture" name="D:\a\PowerShell\PowerShell\test\powershell\engine\Basic\Assembly.LoadedInSeparateALC.Tests.ps1" executed="True" result="Success" success="True" time="0.0058" asserts="0" description="D:\a\PowerShell\PowerShell\test\powershell\engine\Basic\Assembly.LoadedInSeparateALC.Tests.ps1">
        <results />
      </test-suite>
      <test-suite type="TestFixture" name="D:\a\PowerShell\PowerShell\test\powershell\engine\Basic\Assembly.LoadFrom.Tests.ps1" executed="True" result="Success" success="True" time="0.0072" asserts="0" description="D:\a\PowerShell\PowerShell\test\powershell\engine\Basic\Assembly.LoadFrom.Tests.ps1">
        <results />
      </test-suite>
      <test-suite type="TestFixture" name="D:\a\PowerShell\PowerShell\test\powershell\engine\Basic\Assembly.LoadNative.Tests.ps1" executed="True" result="Success" success="True" time="0.0058" asserts="0" description="D:\a\PowerShell\PowerShell\test\powershell\engine\Basic\Assembly.LoadNative.Tests.ps1">
        <results />
      </test-suite>
      <test-suite type="TestFixture" name="D:\a\PowerShell\PowerShell\test\powershell\engine\Basic\Assembly.LoadWithPartialName.Tests.ps1" executed="True" result="Success" success="True" time="0.0059" asserts="0" description="D:\a\PowerShell\PowerShell\test\powershell\engine\Basic\Assembly.LoadWithPartialName.Tests.ps1">
        <results />
      </test-suite>
      <test-suite type="TestFixture" name="D:\a\PowerShell\PowerShell\test\powershell\engine\Basic\Attributes.Tests.ps1" executed="True" result="Success" success="True" time="0.007" asserts="0" description="D:\a\PowerShell\PowerShell\test\powershell\engine\Basic\Attributes.Tests.ps1">
        <results />
      </test-suite>
      <test-suite type="TestFixture" name="D:\a\PowerShell\PowerShell\test\powershell\engine\Basic\CLRBinding.Tests.ps1" executed="True" result="Success" success="True" time="0.0105" asserts="0" description="D:\a\PowerShell\PowerShell\test\powershell\engine\Basic\CLRBinding.Tests.ps1">
        <results />
      </test-suite>
      <test-suite type="TestFixture" name="D:\a\PowerShell\PowerShell\test\powershell\engine\Basic\CommandDiscovery.Tests.ps1" executed="True" result="Success" success="True" time="0.0076" asserts="0" description="D:\a\PowerShell\PowerShell\test\powershell\engine\Basic\CommandDiscovery.Tests.ps1">
        <results />
      </test-suite>
      <test-suite type="TestFixture" name="D:\a\PowerShell\PowerShell\test\powershell\engine\Basic\Credential.Tests.ps1" executed="True" result="Success" success="True" time="0.0046" asserts="0" description="D:\a\PowerShell\PowerShell\test\powershell\engine\Basic\Credential.Tests.ps1">
        <results />
      </test-suite>
      <test-suite type="TestFixture" name="D:\a\PowerShell\PowerShell\test\powershell\engine\Basic\DefaultCommands.Tests.ps1" executed="True" result="Success" success="True" time="0.014" asserts="0" description="D:\a\PowerShell\PowerShell\test\powershell\engine\Basic\DefaultCommands.Tests.ps1">
        <results />
      </test-suite>
      <test-suite type="TestFixture" name="D:\a\PowerShell\PowerShell\test\powershell\engine\Basic\Encoding.Tests.ps1" executed="True" result="Success" success="True" time="0.0068" asserts="0" description="D:\a\PowerShell\PowerShell\test\powershell\engine\Basic\Encoding.Tests.ps1">
        <results />
      </test-suite>
      <test-suite type="TestFixture" name="D:\a\PowerShell\PowerShell\test\powershell\engine\Basic\GroupPolicySettings.Tests.ps1" executed="True" result="Success" success="True" time="39.681" asserts="0" description="D:\a\PowerShell\PowerShell\test\powershell\engine\Basic\GroupPolicySettings.Tests.ps1">
        <results>
          <test-suite type="TestFixture" name="Group policy settings tests" executed="True" result="Success" success="True" time="39.6514" asserts="0" description="Group policy settings tests">
            <results>
              <test-suite type="TestFixture" name="Group policy settings tests" executed="True" result="Success" success="True" time="39.5586" asserts="0" description="Group policy settings tests">
                <results>
                  <test-case description="Execution policy test" name="Group policy settings tests.Group policy settings tests.Execution policy test" time="0.125" asserts="0" success="True" result="Success" executed="True" />
                  <test-case description="Module logging policy test" name="Group policy settings tests.Group policy settings tests.Module logging policy test" time="9.4084" asserts="0" success="True" result="Success" executed="True" />
                  <test-case description="ScriptBlock logging policy test" name="Group policy settings tests.Group policy settings tests.ScriptBlock logging policy test" time="2.0654" asserts="0" success="True" result="Success" executed="True" />
                  <test-case description="Transcription policy test" name="Group policy settings tests.Group policy settings tests.Transcription policy test" time="0.7061" asserts="0" success="True" result="Success" executed="True" />
                  <test-case description="Default SourcePath on Update-Help policy test" name="Group policy settings tests.Group policy settings tests.Default SourcePath on Update-Help policy test" time="2.4616" asserts="0" success="True" result="Success" executed="True" />
                  <test-case description="Session configuration policy test" name="Group policy settings tests.Group policy settings tests.Session configuration policy test" time="24.5985" asserts="0" success="True" result="Success" executed="True" />
                </results>
              </test-suite>
            </results>
          </test-suite>
        </results>
      </test-suite>
      <test-suite type="TestFixture" name="D:\a\PowerShell\PowerShell\test\powershell\engine\Basic\NativeCommandBytePiping.Tests.ps1" executed="True" result="Success" success="True" time="0.0188" asserts="0" description="D:\a\PowerShell\PowerShell\test\powershell\engine\Basic\NativeCommandBytePiping.Tests.ps1">
        <results />
      </test-suite>
      <test-suite type="TestFixture" name="D:\a\PowerShell\PowerShell\test\powershell\engine\Basic\NativeCommandErrorHandling.Tests.ps1" executed="True" result="Success" success="True" time="0.0064" asserts="0" description="D:\a\PowerShell\PowerShell\test\powershell\engine\Basic\NativeCommandErrorHandling.Tests.ps1">
        <results />
      </test-suite>
      <test-suite type="TestFixture" name="D:\a\PowerShell\PowerShell\test\powershell\engine\Basic\PropertyAccessor.Tests.ps1" executed="True" result="Success" success="True" time="0.0052" asserts="0" description="D:\a\PowerShell\PowerShell\test\powershell\engine\Basic\PropertyAccessor.Tests.ps1">
        <results />
      </test-suite>
      <test-suite type="TestFixture" name="D:\a\PowerShell\PowerShell\test\powershell\engine\Basic\ProxyCommand.tests.ps1" executed="True" result="Success" success="True" time="0.0054" asserts="0" description="D:\a\PowerShell\PowerShell\test\powershell\engine\Basic\ProxyCommand.tests.ps1">
        <results />
      </test-suite>
      <test-suite type="TestFixture" name="D:\a\PowerShell\PowerShell\test\powershell\engine\Basic\SemanticVersion.Tests.ps1" executed="True" result="Success" success="True" time="0.0088" asserts="0" description="D:\a\PowerShell\PowerShell\test\powershell\engine\Basic\SemanticVersion.Tests.ps1">
        <results />
      </test-suite>
      <test-suite type="TestFixture" name="D:\a\PowerShell\PowerShell\test\powershell\engine\Basic\StandardLibraryTypes.Tests.ps1" executed="True" result="Success" success="True" time="0.0052" asserts="0" description="D:\a\PowerShell\PowerShell\test\powershell\engine\Basic\StandardLibraryTypes.Tests.ps1">
        <results />
      </test-suite>
      <test-suite type="TestFixture" name="D:\a\PowerShell\PowerShell\test\powershell\engine\Basic\Telemetry.Tests.ps1" executed="True" result="Success" success="True" time="0.0057" asserts="0" description="D:\a\PowerShell\PowerShell\test\powershell\engine\Basic\Telemetry.Tests.ps1">
        <results />
      </test-suite>
      <test-suite type="TestFixture" name="D:\a\PowerShell\PowerShell\test\powershell\engine\Basic\TypeResolution.Tests.ps1" executed="True" result="Success" success="True" time="0.0055" asserts="0" description="D:\a\PowerShell\PowerShell\test\powershell\engine\Basic\TypeResolution.Tests.ps1">
        <results />
      </test-suite>
      <test-suite type="TestFixture" name="D:\a\PowerShell\PowerShell\test\powershell\engine\Basic\ValidateAttributes.Tests.ps1" executed="True" result="Success" success="True" time="0.0126" asserts="0" description="D:\a\PowerShell\PowerShell\test\powershell\engine\Basic\ValidateAttributes.Tests.ps1">
        <results />
      </test-suite>
      <test-suite type="TestFixture" name="D:\a\PowerShell\PowerShell\test\powershell\engine\Cdxml\Cdxml.Tests.ps1" executed="True" result="Success" success="True" time="1.5487" asserts="0" description="D:\a\PowerShell\PowerShell\test\powershell\engine\Cdxml\Cdxml.Tests.ps1">
        <results>
          <test-suite type="TestFixture" name="Cdxml cmdlets are supported" executed="True" result="Success" success="True" time="1.5391" asserts="0" description="Cdxml cmdlets are supported">
            <results>
              <test-suite type="TestFixture" name="Module level tests" executed="True" result="Success" success="True" time="0.036" asserts="0" description="Module level tests">
                <results>
                  <test-case description="The CimTest module should have been loaded" name="Cdxml cmdlets are supported.Module level tests.The CimTest module should have been loaded" time="0.0038" asserts="0" success="True" result="Success" executed="True" />
                  <test-case description="The CimTest module should have the proper cmdlets" name="Cdxml cmdlets are supported.Module level tests.The CimTest module should have the proper cmdlets" time="0.0066" asserts="0" success="True" result="Success" executed="True" />
                </results>
              </test-suite>
              <test-suite type="TestFixture" name="Get-CimTest cmdlet" executed="True" result="Success" success="True" time="0.1632" asserts="0" description="Get-CimTest cmdlet">
                <results>
                  <test-case description="The Get-CimTest cmdlet should return 4 objects" name="Cdxml cmdlets are supported.Get-CimTest cmdlet.The Get-CimTest cmdlet should return 4 objects" time="0.0302" asserts="0" success="True" result="Success" executed="True" />
                  <test-case description="The Get-CimTest cmdlet should retrieve an object via id" name="Cdxml cmdlets are supported.Get-CimTest cmdlet.The Get-CimTest cmdlet should retrieve an object via id" time="0.013" asserts="0" success="True" result="Success" executed="True" />
                  <test-case description="The Get-CimTest cmdlet should retrieve an object by piped id" name="Cdxml cmdlets are supported.Get-CimTest cmdlet.The Get-CimTest cmdlet should retrieve an object by piped id" time="0.0128" asserts="0" success="True" result="Success" executed="True" />
                  <test-case description="The Get-CimTest cmdlet should retrieve an object by datetime" name="Cdxml cmdlets are supported.Get-CimTest cmdlet.The Get-CimTest cmdlet should retrieve an object by datetime" time="0.0274" asserts="0" success="True" result="Success" executed="True" />
                  <test-case description="The Get-CimTest cmdlet should return the proper error if the instance does not exist" name="Cdxml cmdlets are supported.Get-CimTest cmdlet.The Get-CimTest cmdlet should return the proper error if the instance does not exist" time="0.0094" asserts="0" success="True" result="Success" executed="True" />
                  <test-case description="The Get-CimTest cmdlet should work as a job" name="Cdxml cmdlets are supported.Get-CimTest cmdlet.The Get-CimTest cmdlet should work as a job" time="0.0132" asserts="0" success="True" result="Success" executed="True" />
                  <test-case description="Should be possible to invoke a method on an object returned by Get-CimTest" name="Cdxml cmdlets are supported.Get-CimTest cmdlet.Should be possible to invoke a method on an object returned by Get-CimTest" time="0.0171" asserts="0" success="True" result="Success" executed="True" />
                </results>
              </test-suite>
              <test-suite type="TestFixture" name="Remove-CimTest cmdlet" executed="True" result="Success" success="True" time="0.1845" asserts="0" description="Remove-CimTest cmdlet">
                <results>
                  <test-case description="The Remote-CimTest cmdlet should remove objects by id" name="Cdxml cmdlets are supported.Remove-CimTest cmdlet.The Remote-CimTest cmdlet should remove objects by id" time="0.0683" asserts="0" success="True" result="Success" executed="True" />
                  <test-case description="The Remove-CimTest cmdlet should remove piped objects" name="Cdxml cmdlets are supported.Remove-CimTest cmdlet.The Remove-CimTest cmdlet should remove piped objects" time="0.0398" asserts="0" success="True" result="Success" executed="True" />
                  <test-case description="The Remove-CimTest cmdlet should work as a job" name="Cdxml cmdlets are supported.Remove-CimTest cmdlet.The Remove-CimTest cmdlet should work as a job" time="0.0429" asserts="0" success="True" result="Success" executed="True" />
                </results>
              </test-suite>
              <test-suite type="TestFixture" name="New-CimTest operations" executed="True" result="Success" success="True" time="0.0669" asserts="0" description="New-CimTest operations">
                <results>
                  <test-case description="Should create a new instance" name="Cdxml cmdlets are supported.New-CimTest operations.Should create a new instance" time="0.0251" asserts="0" success="True" result="Success" executed="True" />
                  <test-case description="Should return the proper error if called with an improper value" name="Cdxml cmdlets are supported.New-CimTest operations.Should return the proper error if called with an improper value" time="0.0097" asserts="0" success="True" result="Success" executed="True" />
                  <test-case description="Should support -whatif" name="Cdxml cmdlets are supported.New-CimTest operations.Should support -whatif" time="0.0051" asserts="0" success="True" result="Success" executed="True" />
                </results>
              </test-suite>
              <test-suite type="TestFixture" name="Set-CimTest operations" executed="True" result="Success" success="True" time="0.0894" asserts="0" description="Set-CimTest operations">
                <results>
                  <test-case description="Should set properties on an instance" name="Cdxml cmdlets are supported.Set-CimTest operations.Should set properties on an instance" time="0.0406" asserts="0" success="True" result="Success" executed="True" />
                  <test-case description="Should set properties on an instance via pipeline" name="Cdxml cmdlets are supported.Set-CimTest operations.Should set properties on an instance via pipeline" time="0.024" asserts="0" success="True" result="Success" executed="True" />
                </results>
              </test-suite>
            </results>
          </test-suite>
        </results>
      </test-suite>
      <test-suite type="TestFixture" name="D:\a\PowerShell\PowerShell\test\powershell\engine\COM\COM.Basic.Tests.ps1" executed="True" result="Success" success="True" time="0.0046" asserts="0" description="D:\a\PowerShell\PowerShell\test\powershell\engine\COM\COM.Basic.Tests.ps1">
        <results />
      </test-suite>
      <test-suite type="TestFixture" name="D:\a\PowerShell\PowerShell\test\powershell\engine\ETS\Adapter.Tests.ps1" executed="True" result="Success" success="True" time="0.0086" asserts="0" description="D:\a\PowerShell\PowerShell\test\powershell\engine\ETS\Adapter.Tests.ps1">
        <results />
      </test-suite>
      <test-suite type="TestFixture" name="D:\a\PowerShell\PowerShell\test\powershell\engine\ETS\CimAdapter.Tests.ps1" executed="True" result="Success" success="True" time="0.0043" asserts="0" description="D:\a\PowerShell\PowerShell\test\powershell\engine\ETS\CimAdapter.Tests.ps1">
        <results />
      </test-suite>
      <test-suite type="TestFixture" name="D:\a\PowerShell\PowerShell\test\powershell\engine\ETS\TypeTable.Tests.ps1" executed="True" result="Success" success="True" time="0.0047" asserts="0" description="D:\a\PowerShell\PowerShell\test\powershell\engine\ETS\TypeTable.Tests.ps1">
        <results />
      </test-suite>
      <test-suite type="TestFixture" name="D:\a\PowerShell\PowerShell\test\powershell\engine\ExperimentalFeature\EnableDisable-ExperimentalFeature.Tests.ps1" executed="True" result="Success" success="True" time="0.0129" asserts="0" description="D:\a\PowerShell\PowerShell\test\powershell\engine\ExperimentalFeature\EnableDisable-ExperimentalFeature.Tests.ps1">
        <results />
      </test-suite>
      <test-suite type="TestFixture" name="D:\a\PowerShell\PowerShell\test\powershell\engine\ExperimentalFeature\ExperimentalFeature.Basic.Tests.ps1" executed="True" result="Success" success="True" time="0.006" asserts="0" description="D:\a\PowerShell\PowerShell\test\powershell\engine\ExperimentalFeature\ExperimentalFeature.Basic.Tests.ps1">
        <results />
      </test-suite>
      <test-suite type="TestFixture" name="D:\a\PowerShell\PowerShell\test\powershell\engine\ExperimentalFeature\Get-ExperimentalFeature.Tests.ps1" executed="True" result="Success" success="True" time="0.0063" asserts="0" description="D:\a\PowerShell\PowerShell\test\powershell\engine\ExperimentalFeature\Get-ExperimentalFeature.Tests.ps1">
        <results />
      </test-suite>
      <test-suite type="TestFixture" name="D:\a\PowerShell\PowerShell\test\powershell\engine\Formatting\BugFix.Tests.ps1" executed="True" result="Success" success="True" time="0.0048" asserts="0" description="D:\a\PowerShell\PowerShell\test\powershell\engine\Formatting\BugFix.Tests.ps1">
        <results />
      </test-suite>
      <test-suite type="TestFixture" name="D:\a\PowerShell\PowerShell\test\powershell\engine\Formatting\ErrorView.Tests.ps1" executed="True" result="Success" success="True" time="0.0055" asserts="0" description="D:\a\PowerShell\PowerShell\test\powershell\engine\Formatting\ErrorView.Tests.ps1">
        <results />
      </test-suite>
      <test-suite type="TestFixture" name="D:\a\PowerShell\PowerShell\test\powershell\engine\Formatting\OutputRendering.Tests.ps1" executed="True" result="Success" success="True" time="0.0041" asserts="0" description="D:\a\PowerShell\PowerShell\test\powershell\engine\Formatting\OutputRendering.Tests.ps1">
        <results />
      </test-suite>
      <test-suite type="TestFixture" name="D:\a\PowerShell\PowerShell\test\powershell\engine\Formatting\PSStyle.Tests.ps1" executed="True" result="Success" success="True" time="0.0077" asserts="0" description="D:\a\PowerShell\PowerShell\test\powershell\engine\Formatting\PSStyle.Tests.ps1">
        <results />
      </test-suite>
      <test-suite type="TestFixture" name="D:\a\PowerShell\PowerShell\test\powershell\engine\Help\HelpSystem.OnlineHelp.Tests.ps1" executed="True" result="Success" success="True" time="0.0053" asserts="0" description="D:\a\PowerShell\PowerShell\test\powershell\engine\Help\HelpSystem.OnlineHelp.Tests.ps1">
        <results />
      </test-suite>
      <test-suite type="TestFixture" name="D:\a\PowerShell\PowerShell\test\powershell\engine\Help\HelpSystem.Tests.ps1" executed="True" result="Success" success="True" time="24.3778" asserts="0" description="D:\a\PowerShell\PowerShell\test\powershell\engine\Help\HelpSystem.Tests.ps1">
        <results>
          <test-suite type="TestFixture" name="Validate about_help.txt under culture specific folder works" executed="True" result="Success" success="True" time="24.3538" asserts="0" description="Validate about_help.txt under culture specific folder works">
            <results>
              <test-case description="Get-Help should return help text and not multiple HelpInfo objects when help is under $PSHOME path" name="Validate about_help.txt under culture specific folder works.Get-Help should return help text and not multiple HelpInfo objects when help is under $PSHOME path" time="23.7399" asserts="0" success="True" result="Success" executed="True" />
              <test-case description="Get-Help for about_Variable should return only one help object" name="Validate about_help.txt under culture specific folder works.Get-Help for about_Variable should return only one help object" time="0.1441" asserts="0" success="True" result="Success" executed="True" />
            </results>
          </test-suite>
        </results>
      </test-suite>
      <test-suite type="TestFixture" name="D:\a\PowerShell\PowerShell\test\powershell\engine\Help\UpdatableHelpSystem.Tests.ps1" executed="True" result="Success" success="True" time="31.7772" asserts="0" description="D:\a\PowerShell\PowerShell\test\powershell\engine\Help\UpdatableHelpSystem.Tests.ps1">
        <results>
          <test-suite type="TestFixture" name="Validate Update-Help from the Web for one PowerShell module." executed="True" result="Success" success="True" time="1.3529" asserts="0" description="Validate Update-Help from the Web for one PowerShell module.">
            <results>
              <test-case description="Validate Update-Help for module 'Microsoft.PowerShell.Core' in AllUsers" name="Validate Update-Help from the Web for one PowerShell module..Validate Update-Help for module 'Microsoft.PowerShell.Core' in AllUsers" time="1.3239" asserts="0" success="True" result="Success" executed="True" />
            </results>
          </test-suite>
          <test-suite type="TestFixture" name="Validate Update-Help from the Web for one PowerShell module for user scope." executed="True" result="Success" success="True" time="1.935" asserts="0" description="Validate Update-Help from the Web for one PowerShell module for user scope.">
            <results>
              <test-case description="Validate Update-Help for module 'Microsoft.PowerShell.Core' in CurrentUser" name="Validate Update-Help from the Web for one PowerShell module for user scope..Validate Update-Help for module 'Microsoft.PowerShell.Core' in CurrentUser" time="1.9167" asserts="0" success="True" result="Success" executed="True" />
            </results>
          </test-suite>
          <test-suite type="TestFixture" name="Validate Update-Help -SourcePath for one PowerShell module." executed="True" result="Success" success="True" time="0.422" asserts="0" description="Validate Update-Help -SourcePath for one PowerShell module.">
            <results>
              <test-case description="Validate Update-Help for module 'Microsoft.PowerShell.Core' in AllUsers" name="Validate Update-Help -SourcePath for one PowerShell module..Validate Update-Help for module 'Microsoft.PowerShell.Core' in AllUsers" time="0.4033" asserts="0" success="True" result="Success" executed="True" />
            </results>
          </test-suite>
          <test-suite type="TestFixture" name="Validate Update-Help -SourcePath for one PowerShell module for user scope." executed="True" result="Success" success="True" time="0.3856" asserts="0" description="Validate Update-Help -SourcePath for one PowerShell module for user scope.">
            <results>
              <test-case description="Validate Update-Help for module 'Microsoft.PowerShell.Core' in CurrentUser" name="Validate Update-Help -SourcePath for one PowerShell module for user scope..Validate Update-Help for module 'Microsoft.PowerShell.Core' in CurrentUser" time="0.3644" asserts="0" success="True" result="Success" executed="True" />
            </results>
          </test-suite>
          <test-suite type="TestFixture" name="Validate 'Save-Help -DestinationPath for one PowerShell modules." executed="True" result="Success" success="True" time="0.889" asserts="0" description="Validate 'Save-Help -DestinationPath for one PowerShell modules.">
            <results>
              <test-case description="Validate Save-Help for the 'Microsoft.PowerShell.Core' module" name="Validate 'Save-Help -DestinationPath for one PowerShell modules..Validate Save-Help for the 'Microsoft.PowerShell.Core' module" time="0.8654" asserts="0" success="True" result="Success" executed="True" />
            </results>
          </test-suite>
        </results>
      </test-suite>
      <test-suite type="TestFixture" name="D:\a\PowerShell\PowerShell\test\powershell\engine\Job\Jobs.Tests.ps1" executed="True" result="Success" success="True" time="0.005" asserts="0" description="D:\a\PowerShell\PowerShell\test\powershell\engine\Job\Jobs.Tests.ps1">
        <results />
      </test-suite>
      <test-suite type="TestFixture" name="D:\a\PowerShell\PowerShell\test\powershell\engine\Module\IsolatedModule.Tests.ps1" executed="True" result="Success" success="True" time="0.0052" asserts="0" description="D:\a\PowerShell\PowerShell\test\powershell\engine\Module\IsolatedModule.Tests.ps1">
        <results />
      </test-suite>
      <test-suite type="TestFixture" name="D:\a\PowerShell\PowerShell\test\powershell\engine\Module\ModulePath.Tests.ps1" executed="True" result="Success" success="True" time="6.2208" asserts="0" description="D:\a\PowerShell\PowerShell\test\powershell\engine\Module\ModulePath.Tests.ps1">
        <results>
          <test-suite type="TestFixture" name="ModuleIntrinsics.GetPSModulePath API tests" executed="True" result="Success" success="True" time="6.2147" asserts="0" description="ModuleIntrinsics.GetPSModulePath API tests">
            <results>
              <test-suite type="ParameterizedTest" name="ModuleIntrinsics.GetPSModulePath API tests.The current module path should contain the expected paths for '&lt;Name&gt;'" executed="True" result="Success" success="True" time="0.1257" asserts="0" description="The current module path should contain the expected paths for '&lt;Name&gt;'">
                <results>
                  <test-case description="The current module path should contain the expected paths for 'User'" name="ModuleIntrinsics.GetPSModulePath API tests.The current module path should contain the expected paths for 'User'" time="0.0621" asserts="0" success="True" result="Success" executed="True" />
                  <test-case description="The current module path should contain the expected paths for 'Machine'" name="ModuleIntrinsics.GetPSModulePath API tests.The current module path should contain the expected paths for 'Machine'" time="0.0611" asserts="0" success="True" result="Success" executed="True" />
                  <test-case description="The current module path should contain the expected paths for 'Builtin'" name="ModuleIntrinsics.GetPSModulePath API tests.The current module path should contain the expected paths for 'Builtin'" time="0.0026" asserts="0" success="True" result="Success" executed="True" />
                </results>
              </test-suite>
              <test-suite type="ParameterizedTest" name="ModuleIntrinsics.GetPSModulePath API tests.The value '&lt;Name&gt;' should return the proper value" executed="True" result="Success" success="True" time="0.005" asserts="0" description="The value '&lt;Name&gt;' should return the proper value">
                <results>
                  <test-case description="The value 'User' should return the proper value" name="ModuleIntrinsics.GetPSModulePath API tests.The value 'User' should return the proper value" time="0.0028" asserts="0" success="True" result="Success" executed="True" />
                  <test-case description="The value 'Machine' should return the proper value" name="ModuleIntrinsics.GetPSModulePath API tests.The value 'Machine' should return the proper value" time="0.0009" asserts="0" success="True" result="Success" executed="True" />
                  <test-case description="The value 'Builtin' should return the proper value" name="ModuleIntrinsics.GetPSModulePath API tests.The value 'Builtin' should return the proper value" time="0.0013" asserts="0" success="True" result="Success" executed="True" />
                </results>
              </test-suite>
            </results>
          </test-suite>
        </results>
      </test-suite>
      <test-suite type="TestFixture" name="D:\a\PowerShell\PowerShell\test\powershell\engine\Module\ModuleSpecification.Tests.ps1" executed="True" result="Success" success="True" time="0.0063" asserts="0" description="D:\a\PowerShell\PowerShell\test\powershell\engine\Module\ModuleSpecification.Tests.ps1">
        <results />
      </test-suite>
      <test-suite type="TestFixture" name="D:\a\PowerShell\PowerShell\test\powershell\engine\Module\NewModuleManifest.Tests.ps1" executed="True" result="Success" success="True" time="0.0042" asserts="0" description="D:\a\PowerShell\PowerShell\test\powershell\engine\Module\NewModuleManifest.Tests.ps1">
        <results />
      </test-suite>
      <test-suite type="TestFixture" name="D:\a\PowerShell\PowerShell\test\powershell\engine\Module\SubmodulePathInManifest.Tests.ps1" executed="True" result="Success" success="True" time="0.0033" asserts="0" description="D:\a\PowerShell\PowerShell\test\powershell\engine\Module\SubmodulePathInManifest.Tests.ps1">
        <results />
      </test-suite>
      <test-suite type="TestFixture" name="D:\a\PowerShell\PowerShell\test\powershell\engine\Module\TestModuleManifest.Tests.ps1" executed="True" result="Success" success="True" time="0.0056" asserts="0" description="D:\a\PowerShell\PowerShell\test\powershell\engine\Module\TestModuleManifest.Tests.ps1">
        <results />
      </test-suite>
      <test-suite type="TestFixture" name="D:\a\PowerShell\PowerShell\test\powershell\engine\Module\UpdateModuleManifest.Tests.ps1" executed="True" result="Success" success="True" time="0.0031" asserts="0" description="D:\a\PowerShell\PowerShell\test\powershell\engine\Module\UpdateModuleManifest.Tests.ps1">
        <results />
      </test-suite>
      <test-suite type="TestFixture" name="D:\a\PowerShell\PowerShell\test\powershell\engine\ParameterBinding\BooleanParameterDCR.Tests.ps1" executed="True" result="Success" success="True" time="0.0033" asserts="0" description="D:\a\PowerShell\PowerShell\test\powershell\engine\ParameterBinding\BooleanParameterDCR.Tests.ps1">
        <results />
      </test-suite>
      <test-suite type="TestFixture" name="D:\a\PowerShell\PowerShell\test\powershell\engine\ParameterBinding\NullableBooleanDCR.Tests.ps1" executed="True" result="Success" success="True" time="0.0033" asserts="0" description="D:\a\PowerShell\PowerShell\test\powershell\engine\ParameterBinding\NullableBooleanDCR.Tests.ps1">
        <results />
      </test-suite>
      <test-suite type="TestFixture" name="D:\a\PowerShell\PowerShell\test\powershell\engine\ParameterBinding\ParameterBinding.Tests.ps1" executed="True" result="Success" success="True" time="0.0047" asserts="0" description="D:\a\PowerShell\PowerShell\test\powershell\engine\ParameterBinding\ParameterBinding.Tests.ps1">
        <results />
      </test-suite>
      <test-suite type="TestFixture" name="D:\a\PowerShell\PowerShell\test\powershell\engine\ParameterBinding\Splatting.Tests.ps1" executed="True" result="Success" success="True" time="0.0088" asserts="0" description="D:\a\PowerShell\PowerShell\test\powershell\engine\ParameterBinding\Splatting.Tests.ps1">
        <results />
      </test-suite>
      <test-suite type="TestFixture" name="D:\a\PowerShell\PowerShell\test\powershell\engine\ParameterBinding\StaticParameterBinder.Tests.ps1" executed="True" result="Success" success="True" time="0.0047" asserts="0" description="D:\a\PowerShell\PowerShell\test\powershell\engine\ParameterBinding\StaticParameterBinder.Tests.ps1">
        <results />
      </test-suite>
      <test-suite type="TestFixture" name="D:\a\PowerShell\PowerShell\test\powershell\engine\Remoting\CustomConnection.Tests.ps1" executed="True" result="Success" success="True" time="0.0035" asserts="0" description="D:\a\PowerShell\PowerShell\test\powershell\engine\Remoting\CustomConnection.Tests.ps1">
        <results />
      </test-suite>
      <test-suite type="TestFixture" name="D:\a\PowerShell\PowerShell\test\powershell\engine\Remoting\InvokeCommandRemoteDebug.Tests.ps1" executed="True" result="Success" success="True" time="0.0046" asserts="0" description="D:\a\PowerShell\PowerShell\test\powershell\engine\Remoting\InvokeCommandRemoteDebug.Tests.ps1">
        <results />
      </test-suite>
      <test-suite type="TestFixture" name="D:\a\PowerShell\PowerShell\test\powershell\engine\Remoting\PSSession.Tests.ps1" executed="True" result="Success" success="True" time="0.0038" asserts="0" description="D:\a\PowerShell\PowerShell\test\powershell\engine\Remoting\PSSession.Tests.ps1">
        <results />
      </test-suite>
      <test-suite type="TestFixture" name="D:\a\PowerShell\PowerShell\test\powershell\engine\Remoting\RemoteSession.Basic.Tests.ps1" executed="True" result="Success" success="True" time="36.1574" asserts="0" description="D:\a\PowerShell\PowerShell\test\powershell\engine\Remoting\RemoteSession.Basic.Tests.ps1">
        <results>
          <test-suite type="TestFixture" name="JEA session Get-Help test" executed="True" result="Success" success="True" time="29.5857" asserts="0" description="JEA session Get-Help test">
            <results>
              <test-case description="Get-Help should work in JEA sessions" name="JEA session Get-Help test.Get-Help should work in JEA sessions" time="1.869" asserts="0" success="True" result="Success" executed="True" />
              <test-suite type="ParameterizedTest" name="JEA session Get-Help test.Get-Help should throw &lt;ExpectedError&gt; on &lt;command&gt;" executed="True" result="Success" success="True" time="18.6576" asserts="0" description="Get-Help should throw &lt;ExpectedError&gt; on &lt;command&gt;">
                <results>
                  <test-case description="Get-Help should throw CommandNameNotAllowed,Microsoft.PowerShell.Commands.GetHelpCommand on //fakehost/share/test.dll" name="JEA session Get-Help test.Get-Help should throw CommandNameNotAllowed,Microsoft.PowerShell.Commands.GetHelpCommand on //fakehost/share/test.dll" time="4.0612" asserts="0" success="True" result="Success" executed="True" />
                  <test-case description="Get-Help should throw CommandNameNotAllowed,Microsoft.PowerShell.Commands.GetHelpCommand on //fakehost/share/test.dll\fakecommand" name="JEA session Get-Help test.Get-Help should throw CommandNameNotAllowed,Microsoft.PowerShell.Commands.GetHelpCommand on //fakehost/share/test.dll\fakecommand" time="1.8383" asserts="0" success="True" result="Success" executed="True" />
                  <test-case description="Get-Help should throw CommandNameNotAllowed,Microsoft.PowerShell.Commands.GetHelpCommand on //fakehost/share/test.ps1" name="JEA session Get-Help test.Get-Help should throw CommandNameNotAllowed,Microsoft.PowerShell.Commands.GetHelpCommand on //fakehost/share/test.ps1" time="1.827" asserts="0" success="True" result="Success" executed="True" />
                  <test-case description="Get-Help should throw CommandNameNotAllowed,Microsoft.PowerShell.Commands.GetHelpCommand on //fakehost\share/test.ps1" name="JEA session Get-Help test.Get-Help should throw CommandNameNotAllowed,Microsoft.PowerShell.Commands.GetHelpCommand on //fakehost\share/test.ps1" time="1.8368" asserts="0" success="True" result="Success" executed="True" />
                  <test-case description="Get-Help should throw CommandNameNotAllowed,Microsoft.PowerShell.Commands.GetHelpCommand on \\fakehost.pstest\share\test.ps1" name="JEA session Get-Help test.Get-Help should throw CommandNameNotAllowed,Microsoft.PowerShell.Commands.GetHelpCommand on \\fakehost.pstest\share\test.ps1" time="1.8039" asserts="0" success="True" result="Success" executed="True" />
                  <test-case description="Get-Help should throw CommandNameNotAllowed,Microsoft.PowerShell.Commands.GetHelpCommand on \\fakehost\share\test.ps1" name="JEA session Get-Help test.Get-Help should throw CommandNameNotAllowed,Microsoft.PowerShell.Commands.GetHelpCommand on \\fakehost\share\test.ps1" time="1.8233" asserts="0" success="True" result="Success" executed="True" />
                  <test-case description="Get-Help should throw CommandNameNotAllowed,Microsoft.PowerShell.Commands.GetHelpCommand on filesystem:://fakehost/share/test.ps1" name="JEA session Get-Help test.Get-Help should throw CommandNameNotAllowed,Microsoft.PowerShell.Commands.GetHelpCommand on filesystem:://fakehost/share/test.ps1" time="1.8351" asserts="0" success="True" result="Success" executed="True" />
                  <test-case description="Get-Help should throw CommandNameNotAllowed,Microsoft.PowerShell.Commands.GetHelpCommand on Microsoft.PowerShell.Core\filesystem:://fakehost/share/test.ps1" name="JEA session Get-Help test.Get-Help should throw CommandNameNotAllowed,Microsoft.PowerShell.Commands.GetHelpCommand on Microsoft.PowerShell.Core\filesystem:://fakehost/share/test.ps1" time="1.8358" asserts="0" success="True" result="Success" executed="True" />
                  <test-case description="Get-Help should throw ScriptsNotAllowed on //;LanmanRedirector/fakehost/share/test.dll\fakecommand" name="JEA session Get-Help test.Get-Help should throw ScriptsNotAllowed on //;LanmanRedirector/fakehost/share/test.dll\fakecommand" time="1.7961" asserts="0" success="True" result="Success" executed="True" />
                </results>
              </test-suite>
            </results>
          </test-suite>
          <test-suite type="TestFixture" name="Remoting loopback tests" executed="True" result="Success" success="True" time="6.562" asserts="0" description="Remoting loopback tests">
            <results>
              <test-case description="Can connect to default endpoint" name="Remoting loopback tests.Can connect to default endpoint" time="0.3074" asserts="0" success="True" result="Success" executed="True" />
              <test-case description="Can execute command in a disconnected session" name="Remoting loopback tests.Can execute command in a disconnected session" time="0.3674" asserts="0" success="True" result="Success" executed="True" />
              <test-case description="Can disconnect and connect to PSSession" name="Remoting loopback tests.Can disconnect and connect to PSSession" time="0.3606" asserts="0" success="True" result="Success" executed="True" />
              <test-case description="Can execute command if one of the sessions is available" name="Remoting loopback tests.Can execute command if one of the sessions is available" time="0.0494" asserts="0" success="True" result="Success" executed="True" />
              <test-case description="Can execute command without creating new scope" name="Remoting loopback tests.Can execute command without creating new scope" time="0.0015" asserts="0" success="True" result="Success" executed="True" />
              <test-case description="Can execute command from a file" name="Remoting loopback tests.Can execute command from a file" time="0.0148" asserts="0" success="True" result="Success" executed="True" />
              <test-case description="Can invoke-command as job" name="Remoting loopback tests.Can invoke-command as job" time="0.0073" asserts="0" success="True" result="Success" executed="True" />
              <test-case description="Can connect to all disconnected sessions by name" name="Remoting loopback tests.Can connect to all disconnected sessions by name" time="0.771" asserts="0" success="True" result="Success" executed="True" />
              <test-case description="Can pass values through $using" name="Remoting loopback tests.Can pass values through $using" time="0.0219" asserts="0" success="True" result="Success" executed="True" />
              <test-case description="$Host.Version should be PSVersion" name="Remoting loopback tests.$Host.Version should be PSVersion" time="0.4072" asserts="0" success="True" result="Success" executed="True" />
              <test-case description="Language Mode is FullLanguage by default" name="Remoting loopback tests.Language Mode is FullLanguage by default" time="0.3682" asserts="0" success="True" result="Success" executed="True" />
              <test-suite type="ParameterizedTest" name="Remoting loopback tests.&lt;title&gt;" executed="True" result="Success" success="True" time="0.0099" asserts="0" description="&lt;title&gt;">
                <results>
                  <test-case description="Cannot use InDisconnectedState and AsJob together" name="Remoting loopback tests.Cannot use InDisconnectedState and AsJob together" time="0.0032" asserts="0" success="True" result="Success" executed="True" />
                  <test-case description="Cannot use SessionName without InDisconnectedSession" name="Remoting loopback tests.Cannot use SessionName without InDisconnectedSession" time="0.0018" asserts="0" success="True" result="Success" executed="True" />
                  <test-case description="Cannot use Invoke-Command on a disconnected session" name="Remoting loopback tests.Cannot use Invoke-Command on a disconnected session" time="0.0032" asserts="0" success="True" result="Success" executed="True" />
                  <test-case description="Cannot use Invoke-Command on a closed session" name="Remoting loopback tests.Cannot use Invoke-Command on a closed session" time="0.0016" asserts="0" success="True" result="Success" executed="True" />
                </results>
              </test-suite>
            </results>
          </test-suite>
        </results>
      </test-suite>
      <test-suite type="TestFixture" name="D:\a\PowerShell\PowerShell\test\powershell\engine\Remoting\RemoteSession.Disconnect.Tests.ps1" executed="True" result="Success" success="True" time="0.0053" asserts="0" description="D:\a\PowerShell\PowerShell\test\powershell\engine\Remoting\RemoteSession.Disconnect.Tests.ps1">
        <results />
      </test-suite>
      <test-suite type="TestFixture" name="D:\a\PowerShell\PowerShell\test\powershell\engine\Remoting\RoleCapabilityFiles.Tests.ps1" executed="True" result="Success" success="True" time="0.0036" asserts="0" description="D:\a\PowerShell\PowerShell\test\powershell\engine\Remoting\RoleCapabilityFiles.Tests.ps1">
        <results />
      </test-suite>
      <test-suite type="TestFixture" name="D:\a\PowerShell\PowerShell\test\powershell\engine\Remoting\RunspacePool.Tests.ps1" executed="True" result="Success" success="True" time="0.0047" asserts="0" description="D:\a\PowerShell\PowerShell\test\powershell\engine\Remoting\RunspacePool.Tests.ps1">
        <results />
      </test-suite>
      <test-suite type="TestFixture" name="D:\a\PowerShell\PowerShell\test\powershell\engine\Remoting\SessionOption.Tests.ps1" executed="True" result="Success" success="True" time="0.0043" asserts="0" description="D:\a\PowerShell\PowerShell\test\powershell\engine\Remoting\SessionOption.Tests.ps1">
        <results />
      </test-suite>
      <test-suite type="TestFixture" name="D:\a\PowerShell\PowerShell\test\powershell\engine\Remoting\SSHRemotingAPI.Tests.ps1" executed="True" result="Success" success="True" time="0.0209" asserts="0" description="D:\a\PowerShell\PowerShell\test\powershell\engine\Remoting\SSHRemotingAPI.Tests.ps1">
        <results />
      </test-suite>
      <test-suite type="TestFixture" name="D:\a\PowerShell\PowerShell\test\powershell\engine\Remoting\SSHRemotingCmdlets.Tests.ps1" executed="True" result="Success" success="True" time="0.0051" asserts="0" description="D:\a\PowerShell\PowerShell\test\powershell\engine\Remoting\SSHRemotingCmdlets.Tests.ps1">
        <results />
      </test-suite>
      <test-suite type="TestFixture" name="D:\a\PowerShell\PowerShell\test\powershell\engine\ResourceValidation\CimCmdletsResources.Tests.ps1" executed="True" result="Success" success="True" time="0.0152" asserts="0" description="D:\a\PowerShell\PowerShell\test\powershell\engine\ResourceValidation\CimCmdletsResources.Tests.ps1">
        <results />
      </test-suite>
      <test-suite type="TestFixture" name="D:\a\PowerShell\PowerShell\test\powershell\engine\ResourceValidation\ConsoleHostResources.Tests.ps1" executed="True" result="Success" success="True" time="0.0065" asserts="0" description="D:\a\PowerShell\PowerShell\test\powershell\engine\ResourceValidation\ConsoleHostResources.Tests.ps1">
        <results />
      </test-suite>
      <test-suite type="TestFixture" name="D:\a\PowerShell\PowerShell\test\powershell\engine\ResourceValidation\DotNetEventingResources.Tests.ps1" executed="True" result="Success" success="True" time="0.0066" asserts="0" description="D:\a\PowerShell\PowerShell\test\powershell\engine\ResourceValidation\DotNetEventingResources.Tests.ps1">
        <results />
      </test-suite>
      <test-suite type="TestFixture" name="D:\a\PowerShell\PowerShell\test\powershell\engine\ResourceValidation\ManagementCommandsResources.Tests.ps1" executed="True" result="Success" success="True" time="0.0066" asserts="0" description="D:\a\PowerShell\PowerShell\test\powershell\engine\ResourceValidation\ManagementCommandsResources.Tests.ps1">
        <results />
      </test-suite>
      <test-suite type="TestFixture" name="D:\a\PowerShell\PowerShell\test\powershell\engine\ResourceValidation\SecurityResources.Tests.ps1" executed="True" result="Success" success="True" time="0.0079" asserts="0" description="D:\a\PowerShell\PowerShell\test\powershell\engine\ResourceValidation\SecurityResources.Tests.ps1">
        <results />
      </test-suite>
      <test-suite type="TestFixture" name="D:\a\PowerShell\PowerShell\test\powershell\engine\ResourceValidation\SMAResources.Tests.ps1" executed="True" result="Success" success="True" time="0.0072" asserts="0" description="D:\a\PowerShell\PowerShell\test\powershell\engine\ResourceValidation\SMAResources.Tests.ps1">
        <results />
      </test-suite>
      <test-suite type="TestFixture" name="D:\a\PowerShell\PowerShell\test\powershell\engine\ResourceValidation\UtilityResources.Tests.ps1" executed="True" result="Success" success="True" time="0.0156" asserts="0" description="D:\a\PowerShell\PowerShell\test\powershell\engine\ResourceValidation\UtilityResources.Tests.ps1">
        <results />
      </test-suite>
      <test-suite type="TestFixture" name="D:\a\PowerShell\PowerShell\test\powershell\engine\ResourceValidation\WSManResources.Tests.ps1" executed="True" result="Success" success="True" time="0.0077" asserts="0" description="D:\a\PowerShell\PowerShell\test\powershell\engine\ResourceValidation\WSManResources.Tests.ps1">
        <results />
      </test-suite>
      <test-suite type="TestFixture" name="D:\a\PowerShell\PowerShell\test\powershell\engine\Security\FileSignature.Tests.ps1" executed="True" result="Success" success="True" time="0.0048" asserts="0" description="D:\a\PowerShell\PowerShell\test\powershell\engine\Security\FileSignature.Tests.ps1">
        <results />
      </test-suite>
      <test-suite type="TestFixture" name="D:\a\PowerShell\PowerShell\test\powershell\engine\Security\UntrustedDataMode.Tests.ps1" executed="True" result="Success" success="True" time="0.0041" asserts="0" description="D:\a\PowerShell\PowerShell\test\powershell\engine\Security\UntrustedDataMode.Tests.ps1">
        <results />
      </test-suite>
      <test-suite type="TestFixture" name="D:\a\PowerShell\PowerShell\test\powershell\engine\OrderedHashtable.Tests.ps1" executed="True" result="Success" success="True" time="0.0036" asserts="0" description="D:\a\PowerShell\PowerShell\test\powershell\engine\OrderedHashtable.Tests.ps1">
        <results />
      </test-suite>
      <test-suite type="TestFixture" name="D:\a\PowerShell\PowerShell\test\powershell\Host\TabCompletion\BugFix.Tests.ps1" executed="True" result="Success" success="True" time="0.0036" asserts="0" description="D:\a\PowerShell\PowerShell\test\powershell\Host\TabCompletion\BugFix.Tests.ps1">
        <results />
      </test-suite>
      <test-suite type="TestFixture" name="D:\a\PowerShell\PowerShell\test\powershell\Host\TabCompletion\TabCompletion.Tests.ps1" executed="True" result="Success" success="True" time="0.0179" asserts="0" description="D:\a\PowerShell\PowerShell\test\powershell\Host\TabCompletion\TabCompletion.Tests.ps1">
        <results />
      </test-suite>
      <test-suite type="TestFixture" name="D:\a\PowerShell\PowerShell\test\powershell\Host\Base-Directory.Tests.ps1" executed="True" result="Success" success="True" time="0.029" asserts="0" description="D:\a\PowerShell\PowerShell\test\powershell\Host\Base-Directory.Tests.ps1">
        <results />
      </test-suite>
      <test-suite type="TestFixture" name="D:\a\PowerShell\PowerShell\test\powershell\Host\ConsoleHost.Tests.ps1" executed="True" result="Success" success="True" time="0.0121" asserts="0" description="D:\a\PowerShell\PowerShell\test\powershell\Host\ConsoleHost.Tests.ps1">
        <results />
      </test-suite>
      <test-suite type="TestFixture" name="D:\a\PowerShell\PowerShell\test\powershell\Host\HostUtilities.Tests.ps1" executed="True" result="Success" success="True" time="0.0047" asserts="0" description="D:\a\PowerShell\PowerShell\test\powershell\Host\HostUtilities.Tests.ps1">
        <results />
      </test-suite>
      <test-suite type="TestFixture" name="D:\a\PowerShell\PowerShell\test\powershell\Host\Logging.Tests.ps1" executed="True" result="Success" success="True" time="3.0551" asserts="0" description="D:\a\PowerShell\PowerShell\test\powershell\Host\Logging.Tests.ps1">
        <results>
          <test-suite type="TestFixture" name="Basic EventLog tests on Windows" executed="True" result="Success" success="True" time="3.0407" asserts="0" description="Basic EventLog tests on Windows">
            <results>
              <test-suite type="ParameterizedTest" name="Basic EventLog tests on Windows.Verifies scriptblock logging: &lt;name&gt;" executed="True" result="Success" success="True" time="2.7791" asserts="0" description="Verifies scriptblock logging: &lt;name&gt;">
                <results>
                  <test-case description="Verifies scriptblock logging: normal script block" name="Basic EventLog tests on Windows.Verifies scriptblock logging: normal script block" time="1.4386" asserts="0" success="True" result="Success" executed="True" />
                  <test-case description="Verifies scriptblock logging: script block with Null" name="Basic EventLog tests on Windows.Verifies scriptblock logging: script block with Null" time="1.3404" asserts="0" success="True" result="Success" executed="True" />
                </results>
              </test-suite>
            </results>
          </test-suite>
        </results>
      </test-suite>
      <test-suite type="TestFixture" name="D:\a\PowerShell\PowerShell\test\powershell\Host\PSVersionTable.Tests.ps1" executed="True" result="Success" success="True" time="0.0041" asserts="0" description="D:\a\PowerShell\PowerShell\test\powershell\Host\PSVersionTable.Tests.ps1">
        <results />
      </test-suite>
      <test-suite type="TestFixture" name="D:\a\PowerShell\PowerShell\test\powershell\Host\Read-Host.Tests.ps1" executed="True" result="Success" success="True" time="0.0036" asserts="0" description="D:\a\PowerShell\PowerShell\test\powershell\Host\Read-Host.Tests.ps1">
        <results />
      </test-suite>
      <test-suite type="TestFixture" name="D:\a\PowerShell\PowerShell\test\powershell\Host\ScreenReader.Tests.ps1" executed="True" result="Success" success="True" time="0.0032" asserts="0" description="D:\a\PowerShell\PowerShell\test\powershell\Host\ScreenReader.Tests.ps1">
        <results />
      </test-suite>
      <test-suite type="TestFixture" name="D:\a\PowerShell\PowerShell\test\powershell\Host\Startup.Tests.ps1" executed="True" result="Success" success="True" time="0.0032" asserts="0" description="D:\a\PowerShell\PowerShell\test\powershell\Host\Startup.Tests.ps1">
        <results />
      </test-suite>
      <test-suite type="TestFixture" name="D:\a\PowerShell\PowerShell\test\powershell\Installer\WindowsInstaller.Tests.ps1" executed="True" result="Success" success="True" time="0.0032" asserts="0" description="D:\a\PowerShell\PowerShell\test\powershell\Installer\WindowsInstaller.Tests.ps1">
        <results />
      </test-suite>
      <test-suite type="TestFixture" name="D:\a\PowerShell\PowerShell\test\powershell\Language\Classes\ProtectedAccess.Tests.ps1" executed="True" result="Success" success="True" time="0.0212" asserts="0" description="D:\a\PowerShell\PowerShell\test\powershell\Language\Classes\ProtectedAccess.Tests.ps1">
        <results />
      </test-suite>
      <test-suite type="TestFixture" name="D:\a\PowerShell\PowerShell\test\powershell\Language\Classes\Scripting.Classes.Attributes.Tests.ps1" executed="True" result="Success" success="True" time="0.009" asserts="0" description="D:\a\PowerShell\PowerShell\test\powershell\Language\Classes\Scripting.Classes.Attributes.Tests.ps1">
        <results />
      </test-suite>
      <test-suite type="TestFixture" name="D:\a\PowerShell\PowerShell\test\powershell\Language\Classes\Scripting.Classes.BasicParsing.Tests.ps1" executed="True" result="Success" success="True" time="0.0271" asserts="0" description="D:\a\PowerShell\PowerShell\test\powershell\Language\Classes\Scripting.Classes.BasicParsing.Tests.ps1">
        <results />
      </test-suite>
      <test-suite type="TestFixture" name="D:\a\PowerShell\PowerShell\test\powershell\Language\Classes\Scripting.Classes.Break.Tests.ps1" executed="True" result="Success" success="True" time="0.0044" asserts="0" description="D:\a\PowerShell\PowerShell\test\powershell\Language\Classes\Scripting.Classes.Break.Tests.ps1">
        <results />
      </test-suite>
      <test-suite type="TestFixture" name="D:\a\PowerShell\PowerShell\test\powershell\Language\Classes\Scripting.Classes.Exceptions.Tests.ps1" executed="True" result="Success" success="True" time="0.0051" asserts="0" description="D:\a\PowerShell\PowerShell\test\powershell\Language\Classes\Scripting.Classes.Exceptions.Tests.ps1">
        <results />
      </test-suite>
      <test-suite type="TestFixture" name="D:\a\PowerShell\PowerShell\test\powershell\Language\Classes\scripting.Classes.inheritance.tests.ps1" executed="True" result="Success" success="True" time="0.0264" asserts="0" description="D:\a\PowerShell\PowerShell\test\powershell\Language\Classes\scripting.Classes.inheritance.tests.ps1">
        <results />
      </test-suite>
      <test-suite type="TestFixture" name="D:\a\PowerShell\PowerShell\test\powershell\Language\Classes\Scripting.Classes.MiscOps.Tests.ps1" executed="True" result="Success" success="True" time="0.005" asserts="0" description="D:\a\PowerShell\PowerShell\test\powershell\Language\Classes\Scripting.Classes.MiscOps.Tests.ps1">
        <results />
      </test-suite>
      <test-suite type="TestFixture" name="D:\a\PowerShell\PowerShell\test\powershell\Language\Classes\Scripting.Classes.Modules.Tests.ps1" executed="True" result="Success" success="True" time="0.0044" asserts="0" description="D:\a\PowerShell\PowerShell\test\powershell\Language\Classes\Scripting.Classes.Modules.Tests.ps1">
        <results />
      </test-suite>
      <test-suite type="TestFixture" name="D:\a\PowerShell\PowerShell\test\powershell\Language\Classes\scripting.Classes.NestedModules.tests.ps1" executed="True" result="Success" success="True" time="0.0043" asserts="0" description="D:\a\PowerShell\PowerShell\test\powershell\Language\Classes\scripting.Classes.NestedModules.tests.ps1">
        <results />
      </test-suite>
      <test-suite type="TestFixture" name="D:\a\PowerShell\PowerShell\test\powershell\Language\Classes\Scripting.Classes.NoRunspaceAffinity.Tests.ps1" executed="True" result="Success" success="True" time="0.004" asserts="0" description="D:\a\PowerShell\PowerShell\test\powershell\Language\Classes\Scripting.Classes.NoRunspaceAffinity.Tests.ps1">
        <results />
      </test-suite>
      <test-suite type="TestFixture" name="D:\a\PowerShell\PowerShell\test\powershell\Language\Classes\Scripting.Classes.RunPath.Tests.ps1" executed="True" result="Success" success="True" time="0.0031" asserts="0" description="D:\a\PowerShell\PowerShell\test\powershell\Language\Classes\Scripting.Classes.RunPath.Tests.ps1">
        <results />
      </test-suite>
      <test-suite type="TestFixture" name="D:\a\PowerShell\PowerShell\test\powershell\Language\Classes\Scripting.Classes.StaticMethod.Tests.ps1" executed="True" result="Success" success="True" time="0.0049" asserts="0" description="D:\a\PowerShell\PowerShell\test\powershell\Language\Classes\Scripting.Classes.StaticMethod.Tests.ps1">
        <results />
      </test-suite>
      <test-suite type="TestFixture" name="D:\a\PowerShell\PowerShell\test\powershell\Language\Classes\scripting.Classes.using.tests.ps1" executed="True" result="Success" success="True" time="0.005" asserts="0" description="D:\a\PowerShell\PowerShell\test\powershell\Language\Classes\scripting.Classes.using.tests.ps1">
        <results />
      </test-suite>
      <test-suite type="TestFixture" name="D:\a\PowerShell\PowerShell\test\powershell\Language\Classes\scripting.enums.tests.ps1" executed="True" result="Success" success="True" time="0.0234" asserts="0" description="D:\a\PowerShell\PowerShell\test\powershell\Language\Classes\scripting.enums.tests.ps1">
        <results />
      </test-suite>
      <test-suite type="TestFixture" name="D:\a\PowerShell\PowerShell\test\powershell\Language\Interop\DotNet\DotNetAPI.Tests.ps1" executed="True" result="Success" success="True" time="0.0038" asserts="0" description="D:\a\PowerShell\PowerShell\test\powershell\Language\Interop\DotNet\DotNetAPI.Tests.ps1">
        <results />
      </test-suite>
      <test-suite type="TestFixture" name="D:\a\PowerShell\PowerShell\test\powershell\Language\Interop\DotNet\DotNetInterop.Tests.ps1" executed="True" result="Success" success="True" time="0.022" asserts="0" description="D:\a\PowerShell\PowerShell\test\powershell\Language\Interop\DotNet\DotNetInterop.Tests.ps1">
        <results />
      </test-suite>
      <test-suite type="TestFixture" name="D:\a\PowerShell\PowerShell\test\powershell\Language\Operators\ComparisonOperator.Tests.ps1" executed="True" result="Success" success="True" time="0.0041" asserts="0" description="D:\a\PowerShell\PowerShell\test\powershell\Language\Operators\ComparisonOperator.Tests.ps1">
        <results />
      </test-suite>
      <test-suite type="TestFixture" name="D:\a\PowerShell\PowerShell\test\powershell\Language\Operators\NullConditional.Tests.ps1" executed="True" result="Success" success="True" time="0.0044" asserts="0" description="D:\a\PowerShell\PowerShell\test\powershell\Language\Operators\NullConditional.Tests.ps1">
        <results />
      </test-suite>
      <test-suite type="TestFixture" name="D:\a\PowerShell\PowerShell\test\powershell\Language\Operators\PipelineChainOperator.Tests.ps1" executed="True" result="Success" success="True" time="0.0048" asserts="0" description="D:\a\PowerShell\PowerShell\test\powershell\Language\Operators\PipelineChainOperator.Tests.ps1">
        <results />
      </test-suite>
      <test-suite type="TestFixture" name="D:\a\PowerShell\PowerShell\test\powershell\Language\Operators\RangeOperator.Tests.ps1" executed="True" result="Success" success="True" time="0.004" asserts="0" description="D:\a\PowerShell\PowerShell\test\powershell\Language\Operators\RangeOperator.Tests.ps1">
        <results />
      </test-suite>
      <test-suite type="TestFixture" name="D:\a\PowerShell\PowerShell\test\powershell\Language\Operators\ReplaceOperator.Tests.ps1" executed="True" result="Success" success="True" time="0.004" asserts="0" description="D:\a\PowerShell\PowerShell\test\powershell\Language\Operators\ReplaceOperator.Tests.ps1">
        <results />
      </test-suite>
      <test-suite type="TestFixture" name="D:\a\PowerShell\PowerShell\test\powershell\Language\Operators\SplitOperator.Tests.ps1" executed="True" result="Success" success="True" time="0.0039" asserts="0" description="D:\a\PowerShell\PowerShell\test\powershell\Language\Operators\SplitOperator.Tests.ps1">
        <results />
      </test-suite>
      <test-suite type="TestFixture" name="D:\a\PowerShell\PowerShell\test\powershell\Language\Operators\TernaryOperator.Tests.ps1" executed="True" result="Success" success="True" time="0.0036" asserts="0" description="D:\a\PowerShell\PowerShell\test\powershell\Language\Operators\TernaryOperator.Tests.ps1">
        <results />
      </test-suite>
      <test-suite type="TestFixture" name="D:\a\PowerShell\PowerShell\test\powershell\Language\Parser\Ast.Tests.ps1" executed="True" result="Success" success="True" time="0.0035" asserts="0" description="D:\a\PowerShell\PowerShell\test\powershell\Language\Parser\Ast.Tests.ps1">
        <results />
      </test-suite>
      <test-suite type="TestFixture" name="D:\a\PowerShell\PowerShell\test\powershell\Language\Parser\AutomaticVariables.Tests.ps1" executed="True" result="Success" success="True" time="0.003" asserts="0" description="D:\a\PowerShell\PowerShell\test\powershell\Language\Parser\AutomaticVariables.Tests.ps1">
        <results />
      </test-suite>
      <test-suite type="TestFixture" name="D:\a\PowerShell\PowerShell\test\powershell\Language\Parser\BNotOperator.Tests.ps1" executed="True" result="Success" success="True" time="0.028" asserts="0" description="D:\a\PowerShell\PowerShell\test\powershell\Language\Parser\BNotOperator.Tests.ps1">
        <results />
      </test-suite>
      <test-suite type="TestFixture" name="D:\a\PowerShell\PowerShell\test\powershell\Language\Parser\Conversions.Tests.ps1" executed="True" result="Success" success="True" time="0.0312" asserts="0" description="D:\a\PowerShell\PowerShell\test\powershell\Language\Parser\Conversions.Tests.ps1">
        <results />
      </test-suite>
      <test-suite type="TestFixture" name="D:\a\PowerShell\PowerShell\test\powershell\Language\Parser\ExtensibleCompletion.Tests.ps1" executed="True" result="Success" success="True" time="0.0165" asserts="0" description="D:\a\PowerShell\PowerShell\test\powershell\Language\Parser\ExtensibleCompletion.Tests.ps1">
        <results />
      </test-suite>
      <test-suite type="TestFixture" name="D:\a\PowerShell\PowerShell\test\powershell\Language\Parser\LanguageAndParser.TestFollowup.Tests.ps1" executed="True" result="Success" success="True" time="0.0129" asserts="0" description="D:\a\PowerShell\PowerShell\test\powershell\Language\Parser\LanguageAndParser.TestFollowup.Tests.ps1">
        <results />
      </test-suite>
      <test-suite type="TestFixture" name="D:\a\PowerShell\PowerShell\test\powershell\Language\Parser\LineContinuance.Tests.ps1" executed="True" result="Success" success="True" time="0.004" asserts="0" description="D:\a\PowerShell\PowerShell\test\powershell\Language\Parser\LineContinuance.Tests.ps1">
        <results />
      </test-suite>
      <test-suite type="TestFixture" name="D:\a\PowerShell\PowerShell\test\powershell\Language\Parser\MethodInvocation.Tests.ps1" executed="True" result="Success" success="True" time="0.008" asserts="0" description="D:\a\PowerShell\PowerShell\test\powershell\Language\Parser\MethodInvocation.Tests.ps1">
        <results />
      </test-suite>
      <test-suite type="TestFixture" name="D:\a\PowerShell\PowerShell\test\powershell\Language\Parser\ParameterBinding.Tests.ps1" executed="True" result="Success" success="True" time="0.0059" asserts="0" description="D:\a\PowerShell\PowerShell\test\powershell\Language\Parser\ParameterBinding.Tests.ps1">
        <results />
      </test-suite>
      <test-suite type="TestFixture" name="D:\a\PowerShell\PowerShell\test\powershell\Language\Parser\Parser.Tests.ps1" executed="True" result="Success" success="True" time="0.0086" asserts="0" description="D:\a\PowerShell\PowerShell\test\powershell\Language\Parser\Parser.Tests.ps1">
        <results />
      </test-suite>
      <test-suite type="TestFixture" name="D:\a\PowerShell\PowerShell\test\powershell\Language\Parser\Parsing.Tests.ps1" executed="True" result="Success" success="True" time="0.0146" asserts="0" description="D:\a\PowerShell\PowerShell\test\powershell\Language\Parser\Parsing.Tests.ps1">
        <results />
      </test-suite>
      <test-suite type="TestFixture" name="D:\a\PowerShell\PowerShell\test\powershell\Language\Parser\RedirectionOperator.Tests.ps1" executed="True" result="Success" success="True" time="0.026" asserts="0" description="D:\a\PowerShell\PowerShell\test\powershell\Language\Parser\RedirectionOperator.Tests.ps1">
        <results />
      </test-suite>
      <test-suite type="TestFixture" name="D:\a\PowerShell\PowerShell\test\powershell\Language\Parser\TypeAccelerator.Tests.ps1" executed="True" result="Success" success="True" time="0.0054" asserts="0" description="D:\a\PowerShell\PowerShell\test\powershell\Language\Parser\TypeAccelerator.Tests.ps1">
        <results />
      </test-suite>
      <test-suite type="TestFixture" name="D:\a\PowerShell\PowerShell\test\powershell\Language\Parser\UsingAssembly.Tests.ps1" executed="True" result="Success" success="True" time="0.0033" asserts="0" description="D:\a\PowerShell\PowerShell\test\powershell\Language\Parser\UsingAssembly.Tests.ps1">
        <results />
      </test-suite>
      <test-suite type="TestFixture" name="D:\a\PowerShell\PowerShell\test\powershell\Language\Parser\UsingNamespace.Tests.ps1" executed="True" result="Success" success="True" time="0.0093" asserts="0" description="D:\a\PowerShell\PowerShell\test\powershell\Language\Parser\UsingNamespace.Tests.ps1">
        <results />
      </test-suite>
      <test-suite type="TestFixture" name="D:\a\PowerShell\PowerShell\test\powershell\Language\Scripting\Debugging\DebuggerCommand.Tests.ps1" executed="True" result="Success" success="True" time="0.0051" asserts="0" description="D:\a\PowerShell\PowerShell\test\powershell\Language\Scripting\Debugging\DebuggerCommand.Tests.ps1">
        <results />
      </test-suite>
      <test-suite type="TestFixture" name="D:\a\PowerShell\PowerShell\test\powershell\Language\Scripting\Debugging\DebuggerScriptTests.Tests.ps1" executed="True" result="Success" success="True" time="0.0077" asserts="0" description="D:\a\PowerShell\PowerShell\test\powershell\Language\Scripting\Debugging\DebuggerScriptTests.Tests.ps1">
        <results />
      </test-suite>
      <test-suite type="TestFixture" name="D:\a\PowerShell\PowerShell\test\powershell\Language\Scripting\Debugging\Debugging.Tests.ps1" executed="True" result="Success" success="True" time="0.0056" asserts="0" description="D:\a\PowerShell\PowerShell\test\powershell\Language\Scripting\Debugging\Debugging.Tests.ps1">
        <results />
      </test-suite>
      <test-suite type="TestFixture" name="D:\a\PowerShell\PowerShell\test\powershell\Language\Scripting\Debugging\DebuggingInHost.Tests.ps1" executed="True" result="Success" success="True" time="0.0036" asserts="0" description="D:\a\PowerShell\PowerShell\test\powershell\Language\Scripting\Debugging\DebuggingInHost.Tests.ps1">
        <results />
      </test-suite>
      <test-suite type="TestFixture" name="D:\a\PowerShell\PowerShell\test\powershell\Language\Scripting\I18n\I18n.Tests.ps1" executed="True" result="Success" success="True" time="0.0039" asserts="0" description="D:\a\PowerShell\PowerShell\test\powershell\Language\Scripting\I18n\I18n.Tests.ps1">
        <results />
      </test-suite>
      <test-suite type="TestFixture" name="D:\a\PowerShell\PowerShell\test\powershell\Language\Scripting\NativeExecution\NativeCommandArguments.Tests.ps1" executed="True" result="Success" success="True" time="0.0072" asserts="0" description="D:\a\PowerShell\PowerShell\test\powershell\Language\Scripting\NativeExecution\NativeCommandArguments.Tests.ps1">
        <results />
      </test-suite>
      <test-suite type="TestFixture" name="D:\a\PowerShell\PowerShell\test\powershell\Language\Scripting\NativeExecution\NativeCommandProcessor.Tests.ps1" executed="True" result="Success" success="True" time="0.0063" asserts="0" description="D:\a\PowerShell\PowerShell\test\powershell\Language\Scripting\NativeExecution\NativeCommandProcessor.Tests.ps1">
        <results />
      </test-suite>
      <test-suite type="TestFixture" name="D:\a\PowerShell\PowerShell\test\powershell\Language\Scripting\NativeExecution\NativeLinuxCommands.Tests.ps1" executed="True" result="Success" success="True" time="0.0039" asserts="0" description="D:\a\PowerShell\PowerShell\test\powershell\Language\Scripting\NativeExecution\NativeLinuxCommands.Tests.ps1">
        <results />
      </test-suite>
      <test-suite type="TestFixture" name="D:\a\PowerShell\PowerShell\test\powershell\Language\Scripting\NativeExecution\NativeStreams.Tests.ps1" executed="True" result="Success" success="True" time="0.0045" asserts="0" description="D:\a\PowerShell\PowerShell\test\powershell\Language\Scripting\NativeExecution\NativeStreams.Tests.ps1">
        <results />
      </test-suite>
      <test-suite type="TestFixture" name="D:\a\PowerShell\PowerShell\test\powershell\Language\Scripting\NativeExecution\NativeUnixGlobbing.Tests.ps1" executed="True" result="Success" success="True" time="0.0038" asserts="0" description="D:\a\PowerShell\PowerShell\test\powershell\Language\Scripting\NativeExecution\NativeUnixGlobbing.Tests.ps1">
        <results />
      </test-suite>
      <test-suite type="TestFixture" name="D:\a\PowerShell\PowerShell\test\powershell\Language\Scripting\NativeExecution\NativeWindowsTildeExpansion.Tests.ps1" executed="True" result="Success" success="True" time="0.0034" asserts="0" description="D:\a\PowerShell\PowerShell\test\powershell\Language\Scripting\NativeExecution\NativeWindowsTildeExpansion.Tests.ps1">
        <results />
      </test-suite>
      <test-suite type="TestFixture" name="D:\a\PowerShell\PowerShell\test\powershell\Language\Scripting\ActionPreference.Tests.ps1" executed="True" result="Success" success="True" time="0.0051" asserts="0" description="D:\a\PowerShell\PowerShell\test\powershell\Language\Scripting\ActionPreference.Tests.ps1">
        <results />
      </test-suite>
      <test-suite type="TestFixture" name="D:\a\PowerShell\PowerShell\test\powershell\Language\Scripting\Adapter.Tests.ps1" executed="True" result="Success" success="True" time="0.0107" asserts="0" description="D:\a\PowerShell\PowerShell\test\powershell\Language\Scripting\Adapter.Tests.ps1">
        <results />
      </test-suite>
      <test-suite type="TestFixture" name="D:\a\PowerShell\PowerShell\test\powershell\Language\Scripting\Array.Tests.ps1" executed="True" result="Success" success="True" time="0.0044" asserts="0" description="D:\a\PowerShell\PowerShell\test\powershell\Language\Scripting\Array.Tests.ps1">
        <results />
      </test-suite>
      <test-suite type="TestFixture" name="D:\a\PowerShell\PowerShell\test\powershell\Language\Scripting\CheckRestrictedlanguage.Tests.ps1" executed="True" result="Success" success="True" time="0.0036" asserts="0" description="D:\a\PowerShell\PowerShell\test\powershell\Language\Scripting\CheckRestrictedlanguage.Tests.ps1">
        <results />
      </test-suite>
      <test-suite type="TestFixture" name="D:\a\PowerShell\PowerShell\test\powershell\Language\Scripting\CleanBlockErrorHandling.Tests.ps1" executed="True" result="Success" success="True" time="0.0089" asserts="0" description="D:\a\PowerShell\PowerShell\test\powershell\Language\Scripting\CleanBlockErrorHandling.Tests.ps1">
        <results />
      </test-suite>
      <test-suite type="TestFixture" name="D:\a\PowerShell\PowerShell\test\powershell\Language\Scripting\CmdletDeclaration.Tests.ps1" executed="True" result="Success" success="True" time="0.0034" asserts="0" description="D:\a\PowerShell\PowerShell\test\powershell\Language\Scripting\CmdletDeclaration.Tests.ps1">
        <results />
      </test-suite>
      <test-suite type="TestFixture" name="D:\a\PowerShell\PowerShell\test\powershell\Language\Scripting\CommandErrorHandling.Tests.ps1" executed="True" result="Success" success="True" time="0.0047" asserts="0" description="D:\a\PowerShell\PowerShell\test\powershell\Language\Scripting\CommandErrorHandling.Tests.ps1">
        <results />
      </test-suite>
      <test-suite type="TestFixture" name="D:\a\PowerShell\PowerShell\test\powershell\Language\Scripting\CommonParameters.Tests.ps1" executed="True" result="Success" success="True" time="0.0039" asserts="0" description="D:\a\PowerShell\PowerShell\test\powershell\Language\Scripting\CommonParameters.Tests.ps1">
        <results />
      </test-suite>
      <test-suite type="TestFixture" name="D:\a\PowerShell\PowerShell\test\powershell\Language\Scripting\ConstrainedLanguageMode.Tests.ps1" executed="True" result="Success" success="True" time="0.0032" asserts="0" description="D:\a\PowerShell\PowerShell\test\powershell\Language\Scripting\ConstrainedLanguageMode.Tests.ps1">
        <results />
      </test-suite>
      <test-suite type="TestFixture" name="D:\a\PowerShell\PowerShell\test\powershell\Language\Scripting\Delegates.Tests.ps1" executed="True" result="Success" success="True" time="0.0036" asserts="0" description="D:\a\PowerShell\PowerShell\test\powershell\Language\Scripting\Delegates.Tests.ps1">
        <results />
      </test-suite>
      <test-suite type="TestFixture" name="D:\a\PowerShell\PowerShell\test\powershell\Language\Scripting\DeserializedMethods.Tests.ps1" executed="True" result="Success" success="True" time="0.0034" asserts="0" description="D:\a\PowerShell\PowerShell\test\powershell\Language\Scripting\DeserializedMethods.Tests.ps1">
        <results />
      </test-suite>
[...]
              <test-case description="Invoke-WebRequest: Gzip Compression CTRL-C Cancels request after request headers with Content-Length" name="Invoke-WebRequest and Invoke-RestMethod support Cancellation through CTRL-C.Invoke-WebRequest: Gzip Compression CTRL-C Cancels request after request headers with Content-Length" time="4.9971" asserts="0" success="True" result="Success" executed="True" />
              <test-case description="Invoke-WebRequest: Deflate Compression CTRL-C Cancels request after request headers" name="Invoke-WebRequest and Invoke-RestMethod support Cancellation through CTRL-C.Invoke-WebRequest: Deflate Compression CTRL-C Cancels request after request headers" time="5.0041" asserts="0" success="True" result="Success" executed="True" />
              <test-case description="Invoke-WebRequest: HTTPS with Brotli compression CTRL-C Cancels request after request headers" name="Invoke-WebRequest and Invoke-RestMethod support Cancellation through CTRL-C.Invoke-WebRequest: HTTPS with Brotli compression CTRL-C Cancels request after request headers" time="5.0041" asserts="0" success="True" result="Success" executed="True" />
              <test-case description="Invoke-WebRequest: HTTPS with Gzip compression CTRL-C Cancels request after request headers" name="Invoke-WebRequest and Invoke-RestMethod support Cancellation through CTRL-C.Invoke-WebRequest: HTTPS with Gzip compression CTRL-C Cancels request after request headers" time="4.9963" asserts="0" success="True" result="Success" executed="True" />
              <test-case description="Invoke-WebRequest: HTTPS with Deflate compression CTRL-C Cancels request after request headers" name="Invoke-WebRequest and Invoke-RestMethod support Cancellation through CTRL-C.Invoke-WebRequest: HTTPS with Deflate compression CTRL-C Cancels request after request headers" time="5.0015" asserts="0" success="True" result="Success" executed="True" />
              <test-case description="Invoke-WebRequest: CTRL-C Cancels file download request after request headers received" name="Invoke-WebRequest and Invoke-RestMethod support Cancellation through CTRL-C.Invoke-WebRequest: CTRL-C Cancels file download request after request headers received" time="4.9982" asserts="0" success="True" result="Success" executed="True" />
              <test-case description="Invoke-WebRequest: CTRL-C after stalled file download completes gives entire file" name="Invoke-WebRequest and Invoke-RestMethod support Cancellation through CTRL-C.Invoke-WebRequest: CTRL-C after stalled file download completes gives entire file" time="1.0111" asserts="0" success="True" result="Success" executed="True" />
              <test-case description="Invoke-RestMethod: CTRL-C Cancels request before request headers received" name="Invoke-WebRequest and Invoke-RestMethod support Cancellation through CTRL-C.Invoke-RestMethod: CTRL-C Cancels request before request headers received" time="1.0088" asserts="0" success="True" result="Success" executed="True" />
              <test-case description="Invoke-RestMethod: CTRL-C Cancels request after JSON request headers received" name="Invoke-WebRequest and Invoke-RestMethod support Cancellation through CTRL-C.Invoke-RestMethod: CTRL-C Cancels request after JSON request headers received" time="4.9979" asserts="0" success="True" result="Success" executed="True" />
              <test-case description="Invoke-RestMethod: CTRL-C after stalled JSON download processes JSON response" name="Invoke-WebRequest and Invoke-RestMethod support Cancellation through CTRL-C.Invoke-RestMethod: CTRL-C after stalled JSON download processes JSON response" time="1.0196" asserts="0" success="True" result="Success" executed="True" />
              <test-case description="Invoke-RestMethod: CTRL-C Cancels request after plain request headers received" name="Invoke-WebRequest and Invoke-RestMethod support Cancellation through CTRL-C.Invoke-RestMethod: CTRL-C Cancels request after plain request headers received" time="5.011" asserts="0" success="True" result="Success" executed="True" />
              <test-case description="Invoke-RestMethod: CTRL-C after stalled atom feed download processes atom response" name="Invoke-WebRequest and Invoke-RestMethod support Cancellation through CTRL-C.Invoke-RestMethod: CTRL-C after stalled atom feed download processes atom response" time="1.0115" asserts="0" success="True" result="Success" executed="True" />
              <test-case description="Invoke-RestMethod: CTRL-C Cancels request in XML atom processing" name="Invoke-WebRequest and Invoke-RestMethod support Cancellation through CTRL-C.Invoke-RestMethod: CTRL-C Cancels request in XML atom processing" time="4.9973" asserts="0" success="True" result="Success" executed="True" />
            </results>
          </test-suite>
          <test-suite type="TestFixture" name="Web cmdlets Unix Sockets tests" executed="True" result="Success" success="True" time="0.5704" asserts="0" description="Web cmdlets Unix Sockets tests">
            <results>
              <test-case description="Execute Invoke-WebRequest with -UnixSocket" name="Web cmdlets Unix Sockets tests.Execute Invoke-WebRequest with -UnixSocket" time="0.0639" asserts="0" success="True" result="Success" executed="True" />
              <test-case description="Execute Invoke-RestMethod with -UnixSocket" name="Web cmdlets Unix Sockets tests.Execute Invoke-RestMethod with -UnixSocket" time="0.0037" asserts="0" success="True" result="Success" executed="True" />
            </results>
          </test-suite>
          <test-suite type="TestFixture" name="Invoke-WebRequest and Invoke-RestMethod support OperationTimeoutSeconds" executed="True" result="Success" success="True" time="30.1072" asserts="0" description="Invoke-WebRequest and Invoke-RestMethod support OperationTimeoutSeconds">
            <results>
              <test-case description="Invoke-WebRequest: OperationTimeoutSeconds does not cancel if stalls shorter than timeout but download takes longer than timeout" name="Invoke-WebRequest and Invoke-RestMethod support OperationTimeoutSeconds.Invoke-WebRequest: OperationTimeoutSeconds does not cancel if stalls shorter than timeout but download takes longer than timeout" time="8.037" asserts="0" success="True" result="Success" executed="True" />
              <test-case description="Invoke-WebRequest: OperationTimeoutSeconds cancels if stall lasts longer than OperationTimeoutSeconds value" name="Invoke-WebRequest and Invoke-RestMethod support OperationTimeoutSeconds.Invoke-WebRequest: OperationTimeoutSeconds cancels if stall lasts longer than OperationTimeoutSeconds value" time="3.0155" asserts="0" success="True" result="Success" executed="True" />
              <test-case description="Invoke-WebRequest: OperationTimeoutSeconds cancels if stall lasts longer than OperationTimeoutSeconds value for HTTPS/gzip compression" name="Invoke-WebRequest and Invoke-RestMethod support OperationTimeoutSeconds.Invoke-WebRequest: OperationTimeoutSeconds cancels if stall lasts longer than OperationTimeoutSeconds value for HTTPS/gzip compression" time="2.999" asserts="0" success="True" result="Success" executed="True" />
              <test-case description="Invoke-RestMethod: OperationTimeoutSeconds does not cancel if stalls shorter than timeout but download takes longer than timeout" name="Invoke-WebRequest and Invoke-RestMethod support OperationTimeoutSeconds.Invoke-RestMethod: OperationTimeoutSeconds does not cancel if stalls shorter than timeout but download takes longer than timeout" time="8.0145" asserts="0" success="True" result="Success" executed="True" />
              <test-case description="Invoke-RestMethod: OperationTimeoutSeconds cancels if stall lasts longer than OperationTimeoutSeconds value" name="Invoke-WebRequest and Invoke-RestMethod support OperationTimeoutSeconds.Invoke-RestMethod: OperationTimeoutSeconds cancels if stall lasts longer than OperationTimeoutSeconds value" time="1.9995" asserts="0" success="True" result="Success" executed="True" />
              <test-case description="Invoke-RestMethod: OperationTimeoutSeconds cancels when doing XML atom processing" name="Invoke-WebRequest and Invoke-RestMethod support OperationTimeoutSeconds.Invoke-RestMethod: OperationTimeoutSeconds cancels when doing XML atom processing" time="1.9996" asserts="0" success="True" result="Success" executed="True" />
              <test-case description="Invoke-RestMethod: OperationTimeoutSeconds cancels when doing JSON processing" name="Invoke-WebRequest and Invoke-RestMethod support OperationTimeoutSeconds.Invoke-RestMethod: OperationTimeoutSeconds cancels when doing JSON processing" time="1.9991" asserts="0" success="True" result="Success" executed="True" />
              <test-case description="Invoke-RestMethod: OperationTimeoutSeconds cancels when doing XML atom processing for HTTPS/gzip compression" name="Invoke-WebRequest and Invoke-RestMethod support OperationTimeoutSeconds.Invoke-RestMethod: OperationTimeoutSeconds cancels when doing XML atom processing for HTTPS/gzip compression" time="1.9992" asserts="0" success="True" result="Success" executed="True" />
            </results>
          </test-suite>
        </results>
      </test-suite>
      <test-suite type="TestFixture" name="D:\a\PowerShell\PowerShell\test\powershell\Modules\Microsoft.PowerShell.Utility\Write-Debug.Tests.ps1" executed="True" result="Success" success="True" time="0.0062" asserts="0" description="D:\a\PowerShell\PowerShell\test\powershell\Modules\Microsoft.PowerShell.Utility\Write-Debug.Tests.ps1">
        <results />
      </test-suite>
      <test-suite type="TestFixture" name="D:\a\PowerShell\PowerShell\test\powershell\Modules\Microsoft.PowerShell.Utility\Write-Error.Tests.ps1" executed="True" result="Success" success="True" time="0.0037" asserts="0" description="D:\a\PowerShell\PowerShell\test\powershell\Modules\Microsoft.PowerShell.Utility\Write-Error.Tests.ps1">
        <results />
      </test-suite>
      <test-suite type="TestFixture" name="D:\a\PowerShell\PowerShell\test\powershell\Modules\Microsoft.PowerShell.Utility\Write-Host.Tests.ps1" executed="True" result="Success" success="True" time="0.0043" asserts="0" description="D:\a\PowerShell\PowerShell\test\powershell\Modules\Microsoft.PowerShell.Utility\Write-Host.Tests.ps1">
        <results />
      </test-suite>
      <test-suite type="TestFixture" name="D:\a\PowerShell\PowerShell\test\powershell\Modules\Microsoft.PowerShell.Utility\Write-Output.Tests.ps1" executed="True" result="Success" success="True" time="0.0039" asserts="0" description="D:\a\PowerShell\PowerShell\test\powershell\Modules\Microsoft.PowerShell.Utility\Write-Output.Tests.ps1">
        <results />
      </test-suite>
      <test-suite type="TestFixture" name="D:\a\PowerShell\PowerShell\test\powershell\Modules\Microsoft.PowerShell.Utility\Write-Progress.Tests.ps1" executed="True" result="Success" success="True" time="0.0032" asserts="0" description="D:\a\PowerShell\PowerShell\test\powershell\Modules\Microsoft.PowerShell.Utility\Write-Progress.Tests.ps1">
        <results />
      </test-suite>
      <test-suite type="TestFixture" name="D:\a\PowerShell\PowerShell\test\powershell\Modules\Microsoft.PowerShell.Utility\Write-Stream.Tests.ps1" executed="True" result="Success" success="True" time="0.0036" asserts="0" description="D:\a\PowerShell\PowerShell\test\powershell\Modules\Microsoft.PowerShell.Utility\Write-Stream.Tests.ps1">
        <results />
      </test-suite>
      <test-suite type="TestFixture" name="D:\a\PowerShell\PowerShell\test\powershell\Modules\Microsoft.PowerShell.Utility\Write-Verbose.Tests.ps1" executed="True" result="Success" success="True" time="0.0032" asserts="0" description="D:\a\PowerShell\PowerShell\test\powershell\Modules\Microsoft.PowerShell.Utility\Write-Verbose.Tests.ps1">
        <results />
      </test-suite>
      <test-suite type="TestFixture" name="D:\a\PowerShell\PowerShell\test\powershell\Modules\Microsoft.PowerShell.Utility\XMLCommand.Tests.ps1" executed="True" result="Success" success="True" time="0.0078" asserts="0" description="D:\a\PowerShell\PowerShell\test\powershell\Modules\Microsoft.PowerShell.Utility\XMLCommand.Tests.ps1">
        <results />
      </test-suite>
      <test-suite type="TestFixture" name="D:\a\PowerShell\PowerShell\test\powershell\Modules\Microsoft.WSMan.Management\ConfigProvider.Tests.ps1" executed="True" result="Success" success="True" time="0.0047" asserts="0" description="D:\a\PowerShell\PowerShell\test\powershell\Modules\Microsoft.WSMan.Management\ConfigProvider.Tests.ps1">
        <results />
      </test-suite>
      <test-suite type="TestFixture" name="D:\a\PowerShell\PowerShell\test\powershell\Modules\Microsoft.WSMan.Management\CredSSP.Tests.ps1" executed="True" result="Success" success="True" time="0.0046" asserts="0" description="D:\a\PowerShell\PowerShell\test\powershell\Modules\Microsoft.WSMan.Management\CredSSP.Tests.ps1">
        <results />
      </test-suite>
      <test-suite type="TestFixture" name="D:\a\PowerShell\PowerShell\test\powershell\Modules\Microsoft.WSMan.Management\TestWSMan.Tests.ps1" executed="True" result="Success" success="True" time="0.0033" asserts="0" description="D:\a\PowerShell\PowerShell\test\powershell\Modules\Microsoft.WSMan.Management\TestWSMan.Tests.ps1">
        <results />
      </test-suite>
      <test-suite type="TestFixture" name="D:\a\PowerShell\PowerShell\test\powershell\Modules\PackageManagement\PackageManagement.Tests.ps1" executed="True" result="Success" success="True" time="0.0035" asserts="0" description="D:\a\PowerShell\PowerShell\test\powershell\Modules\PackageManagement\PackageManagement.Tests.ps1">
        <results />
      </test-suite>
      <test-suite type="TestFixture" name="D:\a\PowerShell\PowerShell\test\powershell\Modules\PowerShellGet\PowerShellGet.Tests.ps1" executed="True" result="Success" success="True" time="0.0325" asserts="0" description="D:\a\PowerShell\PowerShell\test\powershell\Modules\PowerShellGet\PowerShellGet.Tests.ps1">
        <results />
      </test-suite>
      <test-suite type="TestFixture" name="D:\a\PowerShell\PowerShell\test\powershell\Modules\PSDiagnostics\PSDiagnostics.Tests.ps1" executed="True" result="Success" success="True" time="0.5431" asserts="0" description="D:\a\PowerShell\PowerShell\test\powershell\Modules\PSDiagnostics\PSDiagnostics.Tests.ps1">
        <results>
          <test-suite type="TestFixture" name="PSDiagnostics cmdlets tests." executed="True" result="Success" success="True" time="0.5377" asserts="0" description="PSDiagnostics cmdlets tests.">
            <results>
              <test-suite type="TestFixture" name="Test for Enable-PSTrace and Disable-PSTrace cmdlets." executed="True" result="Success" success="True" time="0.2748" asserts="0" description="Test for Enable-PSTrace and Disable-PSTrace cmdlets.">
                <results>
                  <test-case description="Should enable Analytic logs for Microsoft-Windows-PowerShell." name="PSDiagnostics cmdlets tests..Test for Enable-PSTrace and Disable-PSTrace cmdlets..Should enable Analytic logs for Microsoft-Windows-PowerShell." time="0.1532" asserts="0" success="True" result="Success" executed="True" />
                  <test-case description="Should disable Analytic logs for Microsoft-Windows-PowerShell." name="PSDiagnostics cmdlets tests..Test for Enable-PSTrace and Disable-PSTrace cmdlets..Should disable Analytic logs for Microsoft-Windows-PowerShell." time="0.0985" asserts="0" success="True" result="Success" executed="True" />
                </results>
              </test-suite>
              <test-suite type="TestFixture" name="Test for Get-LogProperties cmdlet." executed="True" result="Success" success="True" time="0.0618" asserts="0" description="Test for Get-LogProperties cmdlet.">
                <results>
                  <test-case description="Should return properties of Analytic logs for 'Microsoft-Windows-PowerShell'." name="PSDiagnostics cmdlets tests..Test for Get-LogProperties cmdlet..Should return properties of Analytic logs for 'Microsoft-Windows-PowerShell'." time="0.0333" asserts="0" success="True" result="Success" executed="True" />
                </results>
              </test-suite>
              <test-suite type="TestFixture" name="Test for Set-LogProperties cmdlet." executed="True" result="Success" success="True" time="0.0901" asserts="0" description="Test for Set-LogProperties cmdlet.">
                <results>
                  <test-case description="Should invert AutoBackup setting of Analytic logs for 'Microsoft-Windows-PowerShell'." name="PSDiagnostics cmdlets tests..Test for Set-LogProperties cmdlet..Should invert AutoBackup setting of Analytic logs for 'Microsoft-Windows-PowerShell'." time="0.0485" asserts="0" success="True" result="Success" executed="True" />
                  <test-case description="Should throw exception for invalid LogName." name="PSDiagnostics cmdlets tests..Test for Set-LogProperties cmdlet..Should throw exception for invalid LogName." time="0.0032" asserts="0" success="True" result="Success" executed="True" />
                </results>
              </test-suite>
            </results>
          </test-suite>
        </results>
      </test-suite>
      <test-suite type="TestFixture" name="D:\a\PowerShell\PowerShell\test\powershell\Modules\PSReadLine\PSReadLine.Tests.ps1" executed="True" result="Success" success="True" time="0.0039" asserts="0" description="D:\a\PowerShell\PowerShell\test\powershell\Modules\PSReadLine\PSReadLine.Tests.ps1">
        <results />
      </test-suite>
      <test-suite type="TestFixture" name="D:\a\PowerShell\PowerShell\test\powershell\Modules\ThreadJob\ThreadJob.Tests.ps1" executed="True" result="Success" success="True" time="0.0049" asserts="0" description="D:\a\PowerShell\PowerShell\test\powershell\Modules\ThreadJob\ThreadJob.Tests.ps1">
        <results />
      </test-suite>
      <test-suite type="TestFixture" name="D:\a\PowerShell\PowerShell\test\powershell\Provider\Pester.AutomountedDrives.Tests.ps1" executed="True" result="Success" success="True" time="0.0034" asserts="0" description="D:\a\PowerShell\PowerShell\test\powershell\Provider\Pester.AutomountedDrives.Tests.ps1">
        <results />
      </test-suite>
      <test-suite type="TestFixture" name="D:\a\PowerShell\PowerShell\test\powershell\Provider\ProviderIntrinsics.Tests.ps1" executed="True" result="Success" success="True" time="0.0032" asserts="0" description="D:\a\PowerShell\PowerShell\test\powershell\Provider\ProviderIntrinsics.Tests.ps1">
        <results />
      </test-suite>
      <test-suite type="TestFixture" name="D:\a\PowerShell\PowerShell\test\powershell\SDK\Breakpoint.Tests.ps1" executed="True" result="Success" success="True" time="0.004" asserts="0" description="D:\a\PowerShell\PowerShell\test\powershell\SDK\Breakpoint.Tests.ps1">
        <results />
      </test-suite>
      <test-suite type="TestFixture" name="D:\a\PowerShell\PowerShell\test\powershell\SDK\Json.Tests.ps1" executed="True" result="Success" success="True" time="0.0032" asserts="0" description="D:\a\PowerShell\PowerShell\test\powershell\SDK\Json.Tests.ps1">
        <results />
      </test-suite>
      <test-suite type="TestFixture" name="D:\a\PowerShell\PowerShell\test\powershell\SDK\PSDebugging.Tests.ps1" executed="True" result="Success" success="True" time="0.0066" asserts="0" description="D:\a\PowerShell\PowerShell\test\powershell\SDK\PSDebugging.Tests.ps1">
        <results />
      </test-suite>
    </results>
  </test-suite>
</test-results>
